The system is: Darwin - 16.1.0 - x86_64
Compiling the CXX compiler identification source file "CMakeCXXCompilerId.cpp" succeeded.
Compiler: /Library/Developer/CommandLineTools/usr/bin/c++ 
Build flags: 
Id flags: 

The output was:
0


Compilation of the CXX compiler identification source "CMakeCXXCompilerId.cpp" produced "a.out"

The CXX compiler identification is AppleClang, found in "/Users/Florence/Documents/WildHacks/OpenCV/opencv-2.4.13/Build/CMakeFiles/3.7.0/CompilerIdCXX/a.out"

Compiling the C compiler identification source file "CMakeCCompilerId.c" succeeded.
Compiler: /Library/Developer/CommandLineTools/usr/bin/cc 
Build flags: 
Id flags: 

The output was:
0


Compilation of the C compiler identification source "CMakeCCompilerId.c" produced "a.out"

The C compiler identification is AppleClang, found in "/Users/Florence/Documents/WildHacks/OpenCV/opencv-2.4.13/Build/CMakeFiles/3.7.0/CompilerIdC/a.out"

Determining if the CXX compiler works passed with the following output:
Change Dir: /Users/Florence/Documents/WildHacks/OpenCV/opencv-2.4.13/Build/CMakeFiles/CMakeTmp

Run Build Command:"/usr/bin/make" "cmTC_f6edf/fast"
/Library/Developer/CommandLineTools/usr/bin/make -f CMakeFiles/cmTC_f6edf.dir/build.make CMakeFiles/cmTC_f6edf.dir/build
Building CXX object CMakeFiles/cmTC_f6edf.dir/testCXXCompiler.cxx.o
/Library/Developer/CommandLineTools/usr/bin/c++      -o CMakeFiles/cmTC_f6edf.dir/testCXXCompiler.cxx.o -c /Users/Florence/Documents/WildHacks/OpenCV/opencv-2.4.13/Build/CMakeFiles/CMakeTmp/testCXXCompiler.cxx
Linking CXX executable cmTC_f6edf
/Applications/CMake.app/Contents/bin/cmake -E cmake_link_script CMakeFiles/cmTC_f6edf.dir/link.txt --verbose=1
/Library/Developer/CommandLineTools/usr/bin/c++     -Wl,-search_paths_first -Wl,-headerpad_max_install_names   CMakeFiles/cmTC_f6edf.dir/testCXXCompiler.cxx.o  -o cmTC_f6edf  


Detecting CXX compiler ABI info compiled with the following output:
Change Dir: /Users/Florence/Documents/WildHacks/OpenCV/opencv-2.4.13/Build/CMakeFiles/CMakeTmp

Run Build Command:"/usr/bin/make" "cmTC_8d2a5/fast"
/Library/Developer/CommandLineTools/usr/bin/make -f CMakeFiles/cmTC_8d2a5.dir/build.make CMakeFiles/cmTC_8d2a5.dir/build
Building CXX object CMakeFiles/cmTC_8d2a5.dir/CMakeCXXCompilerABI.cpp.o
/Library/Developer/CommandLineTools/usr/bin/c++      -o CMakeFiles/cmTC_8d2a5.dir/CMakeCXXCompilerABI.cpp.o -c /Applications/CMake.app/Contents/share/cmake-3.7/Modules/CMakeCXXCompilerABI.cpp
Linking CXX executable cmTC_8d2a5
/Applications/CMake.app/Contents/bin/cmake -E cmake_link_script CMakeFiles/cmTC_8d2a5.dir/link.txt --verbose=1
/Library/Developer/CommandLineTools/usr/bin/c++     -Wl,-search_paths_first -Wl,-headerpad_max_install_names  -v -Wl,-v CMakeFiles/cmTC_8d2a5.dir/CMakeCXXCompilerABI.cpp.o  -o cmTC_8d2a5   
Apple LLVM version 8.0.0 (clang-800.0.42.1)
Target: x86_64-apple-darwin16.1.0
Thread model: posix
InstalledDir: /Library/Developer/CommandLineTools/usr/bin
 "/Library/Developer/CommandLineTools/usr/bin/ld" -demangle -dynamic -arch x86_64 -macosx_version_min 10.12.0 -o cmTC_8d2a5 -search_paths_first -headerpad_max_install_names -v CMakeFiles/cmTC_8d2a5.dir/CMakeCXXCompilerABI.cpp.o -lc++ -lSystem /Library/Developer/CommandLineTools/usr/bin/../lib/clang/8.0.0/lib/darwin/libclang_rt.osx.a
@(#)PROGRAM:ld  PROJECT:ld64-274.1
configured to support archs: armv6 armv7 armv7s arm64 i386 x86_64 x86_64h armv6m armv7k armv7m armv7em (tvOS)
Library search paths:
	/usr/lib
	/usr/local/lib
Framework search paths:
	/Library/Frameworks/
	/System/Library/Frameworks/


Parsed CXX implicit link information from above output:
  link line regex: [^( *|.*[/\])(ld|([^/\]+-)?ld|collect2)[^/\]*( |$)]
  ignore line: [Change Dir: /Users/Florence/Documents/WildHacks/OpenCV/opencv-2.4.13/Build/CMakeFiles/CMakeTmp]
  ignore line: []
  ignore line: [Run Build Command:"/usr/bin/make" "cmTC_8d2a5/fast"]
  ignore line: [/Library/Developer/CommandLineTools/usr/bin/make -f CMakeFiles/cmTC_8d2a5.dir/build.make CMakeFiles/cmTC_8d2a5.dir/build]
  ignore line: [Building CXX object CMakeFiles/cmTC_8d2a5.dir/CMakeCXXCompilerABI.cpp.o]
  ignore line: [/Library/Developer/CommandLineTools/usr/bin/c++      -o CMakeFiles/cmTC_8d2a5.dir/CMakeCXXCompilerABI.cpp.o -c /Applications/CMake.app/Contents/share/cmake-3.7/Modules/CMakeCXXCompilerABI.cpp]
  ignore line: [Linking CXX executable cmTC_8d2a5]
  ignore line: [/Applications/CMake.app/Contents/bin/cmake -E cmake_link_script CMakeFiles/cmTC_8d2a5.dir/link.txt --verbose=1]
  ignore line: [/Library/Developer/CommandLineTools/usr/bin/c++     -Wl,-search_paths_first -Wl,-headerpad_max_install_names  -v -Wl,-v CMakeFiles/cmTC_8d2a5.dir/CMakeCXXCompilerABI.cpp.o  -o cmTC_8d2a5   ]
  ignore line: [Apple LLVM version 8.0.0 (clang-800.0.42.1)]
  ignore line: [Target: x86_64-apple-darwin16.1.0]
  ignore line: [Thread model: posix]
  ignore line: [InstalledDir: /Library/Developer/CommandLineTools/usr/bin]
  link line: [ "/Library/Developer/CommandLineTools/usr/bin/ld" -demangle -dynamic -arch x86_64 -macosx_version_min 10.12.0 -o cmTC_8d2a5 -search_paths_first -headerpad_max_install_names -v CMakeFiles/cmTC_8d2a5.dir/CMakeCXXCompilerABI.cpp.o -lc++ -lSystem /Library/Developer/CommandLineTools/usr/bin/../lib/clang/8.0.0/lib/darwin/libclang_rt.osx.a]
    arg [/Library/Developer/CommandLineTools/usr/bin/ld] ==> ignore
    arg [-demangle] ==> ignore
    arg [-dynamic] ==> ignore
    arg [-arch] ==> ignore
    arg [x86_64] ==> ignore
    arg [-macosx_version_min] ==> ignore
    arg [10.12.0] ==> ignore
    arg [-o] ==> ignore
    arg [cmTC_8d2a5] ==> ignore
    arg [-search_paths_first] ==> ignore
    arg [-headerpad_max_install_names] ==> ignore
    arg [-v] ==> ignore
    arg [CMakeFiles/cmTC_8d2a5.dir/CMakeCXXCompilerABI.cpp.o] ==> ignore
    arg [-lc++] ==> lib [c++]
    arg [-lSystem] ==> lib [System]
    arg [/Library/Developer/CommandLineTools/usr/bin/../lib/clang/8.0.0/lib/darwin/libclang_rt.osx.a] ==> lib [/Library/Developer/CommandLineTools/usr/bin/../lib/clang/8.0.0/lib/darwin/libclang_rt.osx.a]
  Library search paths: [;/usr/lib;/usr/local/lib]
  Framework search paths: [;/Library/Frameworks/;/System/Library/Frameworks/]
  remove lib [System]
  remove lib [/Library/Developer/CommandLineTools/usr/bin/../lib/clang/8.0.0/lib/darwin/libclang_rt.osx.a]
  collapse library dir [/usr/lib] ==> [/usr/lib]
  collapse library dir [/usr/local/lib] ==> [/usr/local/lib]
  collapse framework dir [/Library/Frameworks/] ==> [/Library/Frameworks]
  collapse framework dir [/System/Library/Frameworks/] ==> [/System/Library/Frameworks]
  implicit libs: [c++]
  implicit dirs: [/usr/lib;/usr/local/lib]
  implicit fwks: [/Library/Frameworks;/System/Library/Frameworks]




Detecting CXX [-std=c++14] compiler features compiled with the following output:
Change Dir: /Users/Florence/Documents/WildHacks/OpenCV/opencv-2.4.13/Build/CMakeFiles/CMakeTmp

Run Build Command:"/usr/bin/make" "cmTC_7c315/fast"
/Library/Developer/CommandLineTools/usr/bin/make -f CMakeFiles/cmTC_7c315.dir/build.make CMakeFiles/cmTC_7c315.dir/build
Building CXX object CMakeFiles/cmTC_7c315.dir/feature_tests.cxx.o
/Library/Developer/CommandLineTools/usr/bin/c++     -std=c++14 -o CMakeFiles/cmTC_7c315.dir/feature_tests.cxx.o -c /Users/Florence/Documents/WildHacks/OpenCV/opencv-2.4.13/Build/CMakeFiles/feature_tests.cxx
Linking CXX executable cmTC_7c315
/Applications/CMake.app/Contents/bin/cmake -E cmake_link_script CMakeFiles/cmTC_7c315.dir/link.txt --verbose=1
/Library/Developer/CommandLineTools/usr/bin/c++     -Wl,-search_paths_first -Wl,-headerpad_max_install_names   CMakeFiles/cmTC_7c315.dir/feature_tests.cxx.o  -o cmTC_7c315  


    Feature record: CXX_FEATURE:1cxx_aggregate_default_initializers
    Feature record: CXX_FEATURE:1cxx_alias_templates
    Feature record: CXX_FEATURE:1cxx_alignas
    Feature record: CXX_FEATURE:1cxx_alignof
    Feature record: CXX_FEATURE:1cxx_attributes
    Feature record: CXX_FEATURE:1cxx_attribute_deprecated
    Feature record: CXX_FEATURE:1cxx_auto_type
    Feature record: CXX_FEATURE:1cxx_binary_literals
    Feature record: CXX_FEATURE:1cxx_constexpr
    Feature record: CXX_FEATURE:1cxx_contextual_conversions
    Feature record: CXX_FEATURE:1cxx_decltype
    Feature record: CXX_FEATURE:1cxx_decltype_auto
    Feature record: CXX_FEATURE:1cxx_decltype_incomplete_return_types
    Feature record: CXX_FEATURE:1cxx_default_function_template_args
    Feature record: CXX_FEATURE:1cxx_defaulted_functions
    Feature record: CXX_FEATURE:1cxx_defaulted_move_initializers
    Feature record: CXX_FEATURE:1cxx_delegating_constructors
    Feature record: CXX_FEATURE:1cxx_deleted_functions
    Feature record: CXX_FEATURE:1cxx_digit_separators
    Feature record: CXX_FEATURE:1cxx_enum_forward_declarations
    Feature record: CXX_FEATURE:1cxx_explicit_conversions
    Feature record: CXX_FEATURE:1cxx_extended_friend_declarations
    Feature record: CXX_FEATURE:1cxx_extern_templates
    Feature record: CXX_FEATURE:1cxx_final
    Feature record: CXX_FEATURE:1cxx_func_identifier
    Feature record: CXX_FEATURE:1cxx_generalized_initializers
    Feature record: CXX_FEATURE:1cxx_generic_lambdas
    Feature record: CXX_FEATURE:1cxx_inheriting_constructors
    Feature record: CXX_FEATURE:1cxx_inline_namespaces
    Feature record: CXX_FEATURE:1cxx_lambdas
    Feature record: CXX_FEATURE:1cxx_lambda_init_captures
    Feature record: CXX_FEATURE:1cxx_local_type_template_args
    Feature record: CXX_FEATURE:1cxx_long_long_type
    Feature record: CXX_FEATURE:1cxx_noexcept
    Feature record: CXX_FEATURE:1cxx_nonstatic_member_init
    Feature record: CXX_FEATURE:1cxx_nullptr
    Feature record: CXX_FEATURE:1cxx_override
    Feature record: CXX_FEATURE:1cxx_range_for
    Feature record: CXX_FEATURE:1cxx_raw_string_literals
    Feature record: CXX_FEATURE:1cxx_reference_qualified_functions
    Feature record: CXX_FEATURE:1cxx_relaxed_constexpr
    Feature record: CXX_FEATURE:1cxx_return_type_deduction
    Feature record: CXX_FEATURE:1cxx_right_angle_brackets
    Feature record: CXX_FEATURE:1cxx_rvalue_references
    Feature record: CXX_FEATURE:1cxx_sizeof_member
    Feature record: CXX_FEATURE:1cxx_static_assert
    Feature record: CXX_FEATURE:1cxx_strong_enums
    Feature record: CXX_FEATURE:1cxx_template_template_parameters
    Feature record: CXX_FEATURE:1cxx_thread_local
    Feature record: CXX_FEATURE:1cxx_trailing_return_types
    Feature record: CXX_FEATURE:1cxx_unicode_literals
    Feature record: CXX_FEATURE:1cxx_uniform_initialization
    Feature record: CXX_FEATURE:1cxx_unrestricted_unions
    Feature record: CXX_FEATURE:1cxx_user_literals
    Feature record: CXX_FEATURE:1cxx_variable_templates
    Feature record: CXX_FEATURE:1cxx_variadic_macros
    Feature record: CXX_FEATURE:1cxx_variadic_templates


Detecting CXX [-std=c++11] compiler features compiled with the following output:
Change Dir: /Users/Florence/Documents/WildHacks/OpenCV/opencv-2.4.13/Build/CMakeFiles/CMakeTmp

Run Build Command:"/usr/bin/make" "cmTC_70720/fast"
/Library/Developer/CommandLineTools/usr/bin/make -f CMakeFiles/cmTC_70720.dir/build.make CMakeFiles/cmTC_70720.dir/build
Building CXX object CMakeFiles/cmTC_70720.dir/feature_tests.cxx.o
/Library/Developer/CommandLineTools/usr/bin/c++     -std=c++11 -o CMakeFiles/cmTC_70720.dir/feature_tests.cxx.o -c /Users/Florence/Documents/WildHacks/OpenCV/opencv-2.4.13/Build/CMakeFiles/feature_tests.cxx
Linking CXX executable cmTC_70720
/Applications/CMake.app/Contents/bin/cmake -E cmake_link_script CMakeFiles/cmTC_70720.dir/link.txt --verbose=1
/Library/Developer/CommandLineTools/usr/bin/c++     -Wl,-search_paths_first -Wl,-headerpad_max_install_names   CMakeFiles/cmTC_70720.dir/feature_tests.cxx.o  -o cmTC_70720  


    Feature record: CXX_FEATURE:0cxx_aggregate_default_initializers
    Feature record: CXX_FEATURE:1cxx_alias_templates
    Feature record: CXX_FEATURE:1cxx_alignas
    Feature record: CXX_FEATURE:1cxx_alignof
    Feature record: CXX_FEATURE:1cxx_attributes
    Feature record: CXX_FEATURE:0cxx_attribute_deprecated
    Feature record: CXX_FEATURE:1cxx_auto_type
    Feature record: CXX_FEATURE:0cxx_binary_literals
    Feature record: CXX_FEATURE:1cxx_constexpr
    Feature record: CXX_FEATURE:0cxx_contextual_conversions
    Feature record: CXX_FEATURE:1cxx_decltype
    Feature record: CXX_FEATURE:0cxx_decltype_auto
    Feature record: CXX_FEATURE:1cxx_decltype_incomplete_return_types
    Feature record: CXX_FEATURE:1cxx_default_function_template_args
    Feature record: CXX_FEATURE:1cxx_defaulted_functions
    Feature record: CXX_FEATURE:1cxx_defaulted_move_initializers
    Feature record: CXX_FEATURE:1cxx_delegating_constructors
    Feature record: CXX_FEATURE:1cxx_deleted_functions
    Feature record: CXX_FEATURE:0cxx_digit_separators
    Feature record: CXX_FEATURE:1cxx_enum_forward_declarations
    Feature record: CXX_FEATURE:1cxx_explicit_conversions
    Feature record: CXX_FEATURE:1cxx_extended_friend_declarations
    Feature record: CXX_FEATURE:1cxx_extern_templates
    Feature record: CXX_FEATURE:1cxx_final
    Feature record: CXX_FEATURE:1cxx_func_identifier
    Feature record: CXX_FEATURE:1cxx_generalized_initializers
    Feature record: CXX_FEATURE:0cxx_generic_lambdas
    Feature record: CXX_FEATURE:1cxx_inheriting_constructors
    Feature record: CXX_FEATURE:1cxx_inline_namespaces
    Feature record: CXX_FEATURE:1cxx_lambdas
    Feature record: CXX_FEATURE:0cxx_lambda_init_captures
    Feature record: CXX_FEATURE:1cxx_local_type_template_args
    Feature record: CXX_FEATURE:1cxx_long_long_type
    Feature record: CXX_FEATURE:1cxx_noexcept
    Feature record: CXX_FEATURE:1cxx_nonstatic_member_init
    Feature record: CXX_FEATURE:1cxx_nullptr
    Feature record: CXX_FEATURE:1cxx_override
    Feature record: CXX_FEATURE:1cxx_range_for
    Feature record: CXX_FEATURE:1cxx_raw_string_literals
    Feature record: CXX_FEATURE:1cxx_reference_qualified_functions
    Feature record: CXX_FEATURE:0cxx_relaxed_constexpr
    Feature record: CXX_FEATURE:0cxx_return_type_deduction
    Feature record: CXX_FEATURE:1cxx_right_angle_brackets
    Feature record: CXX_FEATURE:1cxx_rvalue_references
    Feature record: CXX_FEATURE:1cxx_sizeof_member
    Feature record: CXX_FEATURE:1cxx_static_assert
    Feature record: CXX_FEATURE:1cxx_strong_enums
    Feature record: CXX_FEATURE:1cxx_template_template_parameters
    Feature record: CXX_FEATURE:1cxx_thread_local
    Feature record: CXX_FEATURE:1cxx_trailing_return_types
    Feature record: CXX_FEATURE:1cxx_unicode_literals
    Feature record: CXX_FEATURE:1cxx_uniform_initialization
    Feature record: CXX_FEATURE:1cxx_unrestricted_unions
    Feature record: CXX_FEATURE:1cxx_user_literals
    Feature record: CXX_FEATURE:0cxx_variable_templates
    Feature record: CXX_FEATURE:1cxx_variadic_macros
    Feature record: CXX_FEATURE:1cxx_variadic_templates


Detecting CXX [-std=c++98] compiler features compiled with the following output:
Change Dir: /Users/Florence/Documents/WildHacks/OpenCV/opencv-2.4.13/Build/CMakeFiles/CMakeTmp

Run Build Command:"/usr/bin/make" "cmTC_2cf47/fast"
/Library/Developer/CommandLineTools/usr/bin/make -f CMakeFiles/cmTC_2cf47.dir/build.make CMakeFiles/cmTC_2cf47.dir/build
Building CXX object CMakeFiles/cmTC_2cf47.dir/feature_tests.cxx.o
/Library/Developer/CommandLineTools/usr/bin/c++     -std=c++98 -o CMakeFiles/cmTC_2cf47.dir/feature_tests.cxx.o -c /Users/Florence/Documents/WildHacks/OpenCV/opencv-2.4.13/Build/CMakeFiles/feature_tests.cxx
Linking CXX executable cmTC_2cf47
/Applications/CMake.app/Contents/bin/cmake -E cmake_link_script CMakeFiles/cmTC_2cf47.dir/link.txt --verbose=1
/Library/Developer/CommandLineTools/usr/bin/c++     -Wl,-search_paths_first -Wl,-headerpad_max_install_names   CMakeFiles/cmTC_2cf47.dir/feature_tests.cxx.o  -o cmTC_2cf47  


    Feature record: CXX_FEATURE:0cxx_aggregate_default_initializers
    Feature record: CXX_FEATURE:0cxx_alias_templates
    Feature record: CXX_FEATURE:0cxx_alignas
    Feature record: CXX_FEATURE:0cxx_alignof
    Feature record: CXX_FEATURE:0cxx_attributes
    Feature record: CXX_FEATURE:0cxx_attribute_deprecated
    Feature record: CXX_FEATURE:0cxx_auto_type
    Feature record: CXX_FEATURE:0cxx_binary_literals
    Feature record: CXX_FEATURE:0cxx_constexpr
    Feature record: CXX_FEATURE:0cxx_contextual_conversions
    Feature record: CXX_FEATURE:0cxx_decltype
    Feature record: CXX_FEATURE:0cxx_decltype_auto
    Feature record: CXX_FEATURE:0cxx_decltype_incomplete_return_types
    Feature record: CXX_FEATURE:0cxx_default_function_template_args
    Feature record: CXX_FEATURE:0cxx_defaulted_functions
    Feature record: CXX_FEATURE:0cxx_defaulted_move_initializers
    Feature record: CXX_FEATURE:0cxx_delegating_constructors
    Feature record: CXX_FEATURE:0cxx_deleted_functions
    Feature record: CXX_FEATURE:0cxx_digit_separators
    Feature record: CXX_FEATURE:0cxx_enum_forward_declarations
    Feature record: CXX_FEATURE:0cxx_explicit_conversions
    Feature record: CXX_FEATURE:0cxx_extended_friend_declarations
    Feature record: CXX_FEATURE:0cxx_extern_templates
    Feature record: CXX_FEATURE:0cxx_final
    Feature record: CXX_FEATURE:0cxx_func_identifier
    Feature record: CXX_FEATURE:0cxx_generalized_initializers
    Feature record: CXX_FEATURE:0cxx_generic_lambdas
    Feature record: CXX_FEATURE:0cxx_inheriting_constructors
    Feature record: CXX_FEATURE:0cxx_inline_namespaces
    Feature record: CXX_FEATURE:0cxx_lambdas
    Feature record: CXX_FEATURE:0cxx_lambda_init_captures
    Feature record: CXX_FEATURE:0cxx_local_type_template_args
    Feature record: CXX_FEATURE:0cxx_long_long_type
    Feature record: CXX_FEATURE:0cxx_noexcept
    Feature record: CXX_FEATURE:0cxx_nonstatic_member_init
    Feature record: CXX_FEATURE:0cxx_nullptr
    Feature record: CXX_FEATURE:0cxx_override
    Feature record: CXX_FEATURE:0cxx_range_for
    Feature record: CXX_FEATURE:0cxx_raw_string_literals
    Feature record: CXX_FEATURE:0cxx_reference_qualified_functions
    Feature record: CXX_FEATURE:0cxx_relaxed_constexpr
    Feature record: CXX_FEATURE:0cxx_return_type_deduction
    Feature record: CXX_FEATURE:0cxx_right_angle_brackets
    Feature record: CXX_FEATURE:0cxx_rvalue_references
    Feature record: CXX_FEATURE:0cxx_sizeof_member
    Feature record: CXX_FEATURE:0cxx_static_assert
    Feature record: CXX_FEATURE:0cxx_strong_enums
    Feature record: CXX_FEATURE:1cxx_template_template_parameters
    Feature record: CXX_FEATURE:0cxx_thread_local
    Feature record: CXX_FEATURE:0cxx_trailing_return_types
    Feature record: CXX_FEATURE:0cxx_unicode_literals
    Feature record: CXX_FEATURE:0cxx_uniform_initialization
    Feature record: CXX_FEATURE:0cxx_unrestricted_unions
    Feature record: CXX_FEATURE:0cxx_user_literals
    Feature record: CXX_FEATURE:0cxx_variable_templates
    Feature record: CXX_FEATURE:0cxx_variadic_macros
    Feature record: CXX_FEATURE:0cxx_variadic_templates
Determining if the C compiler works passed with the following output:
Change Dir: /Users/Florence/Documents/WildHacks/OpenCV/opencv-2.4.13/Build/CMakeFiles/CMakeTmp

Run Build Command:"/usr/bin/make" "cmTC_ee83f/fast"
/Library/Developer/CommandLineTools/usr/bin/make -f CMakeFiles/cmTC_ee83f.dir/build.make CMakeFiles/cmTC_ee83f.dir/build
Building C object CMakeFiles/cmTC_ee83f.dir/testCCompiler.c.o
/Library/Developer/CommandLineTools/usr/bin/cc     -o CMakeFiles/cmTC_ee83f.dir/testCCompiler.c.o   -c /Users/Florence/Documents/WildHacks/OpenCV/opencv-2.4.13/Build/CMakeFiles/CMakeTmp/testCCompiler.c
Linking C executable cmTC_ee83f
/Applications/CMake.app/Contents/bin/cmake -E cmake_link_script CMakeFiles/cmTC_ee83f.dir/link.txt --verbose=1
/Library/Developer/CommandLineTools/usr/bin/cc    -Wl,-search_paths_first -Wl,-headerpad_max_install_names   CMakeFiles/cmTC_ee83f.dir/testCCompiler.c.o  -o cmTC_ee83f  


Detecting C compiler ABI info compiled with the following output:
Change Dir: /Users/Florence/Documents/WildHacks/OpenCV/opencv-2.4.13/Build/CMakeFiles/CMakeTmp

Run Build Command:"/usr/bin/make" "cmTC_5f124/fast"
/Library/Developer/CommandLineTools/usr/bin/make -f CMakeFiles/cmTC_5f124.dir/build.make CMakeFiles/cmTC_5f124.dir/build
Building C object CMakeFiles/cmTC_5f124.dir/CMakeCCompilerABI.c.o
/Library/Developer/CommandLineTools/usr/bin/cc     -o CMakeFiles/cmTC_5f124.dir/CMakeCCompilerABI.c.o   -c /Applications/CMake.app/Contents/share/cmake-3.7/Modules/CMakeCCompilerABI.c
Linking C executable cmTC_5f124
/Applications/CMake.app/Contents/bin/cmake -E cmake_link_script CMakeFiles/cmTC_5f124.dir/link.txt --verbose=1
/Library/Developer/CommandLineTools/usr/bin/cc    -Wl,-search_paths_first -Wl,-headerpad_max_install_names  -v -Wl,-v CMakeFiles/cmTC_5f124.dir/CMakeCCompilerABI.c.o  -o cmTC_5f124   
Apple LLVM version 8.0.0 (clang-800.0.42.1)
Target: x86_64-apple-darwin16.1.0
Thread model: posix
InstalledDir: /Library/Developer/CommandLineTools/usr/bin
 "/Library/Developer/CommandLineTools/usr/bin/ld" -demangle -dynamic -arch x86_64 -macosx_version_min 10.12.0 -o cmTC_5f124 -search_paths_first -headerpad_max_install_names -v CMakeFiles/cmTC_5f124.dir/CMakeCCompilerABI.c.o -lSystem /Library/Developer/CommandLineTools/usr/bin/../lib/clang/8.0.0/lib/darwin/libclang_rt.osx.a
@(#)PROGRAM:ld  PROJECT:ld64-274.1
configured to support archs: armv6 armv7 armv7s arm64 i386 x86_64 x86_64h armv6m armv7k armv7m armv7em (tvOS)
Library search paths:
	/usr/lib
	/usr/local/lib
Framework search paths:
	/Library/Frameworks/
	/System/Library/Frameworks/


Parsed C implicit link information from above output:
  link line regex: [^( *|.*[/\])(ld|([^/\]+-)?ld|collect2)[^/\]*( |$)]
  ignore line: [Change Dir: /Users/Florence/Documents/WildHacks/OpenCV/opencv-2.4.13/Build/CMakeFiles/CMakeTmp]
  ignore line: []
  ignore line: [Run Build Command:"/usr/bin/make" "cmTC_5f124/fast"]
  ignore line: [/Library/Developer/CommandLineTools/usr/bin/make -f CMakeFiles/cmTC_5f124.dir/build.make CMakeFiles/cmTC_5f124.dir/build]
  ignore line: [Building C object CMakeFiles/cmTC_5f124.dir/CMakeCCompilerABI.c.o]
  ignore line: [/Library/Developer/CommandLineTools/usr/bin/cc     -o CMakeFiles/cmTC_5f124.dir/CMakeCCompilerABI.c.o   -c /Applications/CMake.app/Contents/share/cmake-3.7/Modules/CMakeCCompilerABI.c]
  ignore line: [Linking C executable cmTC_5f124]
  ignore line: [/Applications/CMake.app/Contents/bin/cmake -E cmake_link_script CMakeFiles/cmTC_5f124.dir/link.txt --verbose=1]
  ignore line: [/Library/Developer/CommandLineTools/usr/bin/cc    -Wl,-search_paths_first -Wl,-headerpad_max_install_names  -v -Wl,-v CMakeFiles/cmTC_5f124.dir/CMakeCCompilerABI.c.o  -o cmTC_5f124   ]
  ignore line: [Apple LLVM version 8.0.0 (clang-800.0.42.1)]
  ignore line: [Target: x86_64-apple-darwin16.1.0]
  ignore line: [Thread model: posix]
  ignore line: [InstalledDir: /Library/Developer/CommandLineTools/usr/bin]
  link line: [ "/Library/Developer/CommandLineTools/usr/bin/ld" -demangle -dynamic -arch x86_64 -macosx_version_min 10.12.0 -o cmTC_5f124 -search_paths_first -headerpad_max_install_names -v CMakeFiles/cmTC_5f124.dir/CMakeCCompilerABI.c.o -lSystem /Library/Developer/CommandLineTools/usr/bin/../lib/clang/8.0.0/lib/darwin/libclang_rt.osx.a]
    arg [/Library/Developer/CommandLineTools/usr/bin/ld] ==> ignore
    arg [-demangle] ==> ignore
    arg [-dynamic] ==> ignore
    arg [-arch] ==> ignore
    arg [x86_64] ==> ignore
    arg [-macosx_version_min] ==> ignore
    arg [10.12.0] ==> ignore
    arg [-o] ==> ignore
    arg [cmTC_5f124] ==> ignore
    arg [-search_paths_first] ==> ignore
    arg [-headerpad_max_install_names] ==> ignore
    arg [-v] ==> ignore
    arg [CMakeFiles/cmTC_5f124.dir/CMakeCCompilerABI.c.o] ==> ignore
    arg [-lSystem] ==> lib [System]
    arg [/Library/Developer/CommandLineTools/usr/bin/../lib/clang/8.0.0/lib/darwin/libclang_rt.osx.a] ==> lib [/Library/Developer/CommandLineTools/usr/bin/../lib/clang/8.0.0/lib/darwin/libclang_rt.osx.a]
  Library search paths: [;/usr/lib;/usr/local/lib]
  Framework search paths: [;/Library/Frameworks/;/System/Library/Frameworks/]
  remove lib [System]
  remove lib [/Library/Developer/CommandLineTools/usr/bin/../lib/clang/8.0.0/lib/darwin/libclang_rt.osx.a]
  collapse library dir [/usr/lib] ==> [/usr/lib]
  collapse library dir [/usr/local/lib] ==> [/usr/local/lib]
  collapse framework dir [/Library/Frameworks/] ==> [/Library/Frameworks]
  collapse framework dir [/System/Library/Frameworks/] ==> [/System/Library/Frameworks]
  implicit libs: []
  implicit dirs: [/usr/lib;/usr/local/lib]
  implicit fwks: [/Library/Frameworks;/System/Library/Frameworks]




Detecting C [-std=c11] compiler features compiled with the following output:
Change Dir: /Users/Florence/Documents/WildHacks/OpenCV/opencv-2.4.13/Build/CMakeFiles/CMakeTmp

Run Build Command:"/usr/bin/make" "cmTC_98378/fast"
/Library/Developer/CommandLineTools/usr/bin/make -f CMakeFiles/cmTC_98378.dir/build.make CMakeFiles/cmTC_98378.dir/build
Building C object CMakeFiles/cmTC_98378.dir/feature_tests.c.o
/Library/Developer/CommandLineTools/usr/bin/cc    -std=c11 -o CMakeFiles/cmTC_98378.dir/feature_tests.c.o   -c /Users/Florence/Documents/WildHacks/OpenCV/opencv-2.4.13/Build/CMakeFiles/feature_tests.c
Linking C executable cmTC_98378
/Applications/CMake.app/Contents/bin/cmake -E cmake_link_script CMakeFiles/cmTC_98378.dir/link.txt --verbose=1
/Library/Developer/CommandLineTools/usr/bin/cc    -Wl,-search_paths_first -Wl,-headerpad_max_install_names   CMakeFiles/cmTC_98378.dir/feature_tests.c.o  -o cmTC_98378  


    Feature record: C_FEATURE:1c_function_prototypes
    Feature record: C_FEATURE:1c_restrict
    Feature record: C_FEATURE:1c_static_assert
    Feature record: C_FEATURE:1c_variadic_macros


Detecting C [-std=c99] compiler features compiled with the following output:
Change Dir: /Users/Florence/Documents/WildHacks/OpenCV/opencv-2.4.13/Build/CMakeFiles/CMakeTmp

Run Build Command:"/usr/bin/make" "cmTC_304de/fast"
/Library/Developer/CommandLineTools/usr/bin/make -f CMakeFiles/cmTC_304de.dir/build.make CMakeFiles/cmTC_304de.dir/build
Building C object CMakeFiles/cmTC_304de.dir/feature_tests.c.o
/Library/Developer/CommandLineTools/usr/bin/cc    -std=c99 -o CMakeFiles/cmTC_304de.dir/feature_tests.c.o   -c /Users/Florence/Documents/WildHacks/OpenCV/opencv-2.4.13/Build/CMakeFiles/feature_tests.c
Linking C executable cmTC_304de
/Applications/CMake.app/Contents/bin/cmake -E cmake_link_script CMakeFiles/cmTC_304de.dir/link.txt --verbose=1
/Library/Developer/CommandLineTools/usr/bin/cc    -Wl,-search_paths_first -Wl,-headerpad_max_install_names   CMakeFiles/cmTC_304de.dir/feature_tests.c.o  -o cmTC_304de  


    Feature record: C_FEATURE:1c_function_prototypes
    Feature record: C_FEATURE:1c_restrict
    Feature record: C_FEATURE:0c_static_assert
    Feature record: C_FEATURE:1c_variadic_macros


Detecting C [-std=c90] compiler features compiled with the following output:
Change Dir: /Users/Florence/Documents/WildHacks/OpenCV/opencv-2.4.13/Build/CMakeFiles/CMakeTmp

Run Build Command:"/usr/bin/make" "cmTC_e66ca/fast"
/Library/Developer/CommandLineTools/usr/bin/make -f CMakeFiles/cmTC_e66ca.dir/build.make CMakeFiles/cmTC_e66ca.dir/build
Building C object CMakeFiles/cmTC_e66ca.dir/feature_tests.c.o
/Library/Developer/CommandLineTools/usr/bin/cc    -std=c90 -o CMakeFiles/cmTC_e66ca.dir/feature_tests.c.o   -c /Users/Florence/Documents/WildHacks/OpenCV/opencv-2.4.13/Build/CMakeFiles/feature_tests.c
Linking C executable cmTC_e66ca
/Applications/CMake.app/Contents/bin/cmake -E cmake_link_script CMakeFiles/cmTC_e66ca.dir/link.txt --verbose=1
/Library/Developer/CommandLineTools/usr/bin/cc    -Wl,-search_paths_first -Wl,-headerpad_max_install_names   CMakeFiles/cmTC_e66ca.dir/feature_tests.c.o  -o cmTC_e66ca  


    Feature record: C_FEATURE:1c_function_prototypes
    Feature record: C_FEATURE:0c_restrict
    Feature record: C_FEATURE:0c_static_assert
    Feature record: C_FEATURE:0c_variadic_macros
Determining if the include file sys/types.h exists passed with the following output:
Change Dir: /Users/Florence/Documents/WildHacks/OpenCV/opencv-2.4.13/Build/CMakeFiles/CMakeTmp

Run Build Command:"/usr/bin/make" "cmTC_d5232/fast"
/Library/Developer/CommandLineTools/usr/bin/make -f CMakeFiles/cmTC_d5232.dir/build.make CMakeFiles/cmTC_d5232.dir/build
Building C object CMakeFiles/cmTC_d5232.dir/CheckIncludeFile.c.o
/Library/Developer/CommandLineTools/usr/bin/cc    -fsigned-char -W -Werror=return-type -Werror=address -Werror=sequence-point -Wformat -Werror=format-security -Wmissing-declarations -Wmissing-prototypes -Wstrict-prototypes -Wundef -Winit-self -Wpointer-arith -Wshadow -Wsign-promo -Wno-narrowing -Wno-delete-non-virtual-dtor -Wno-unnamed-type-template-args -Wno-array-bounds -fdiagnostics-show-option -Wno-long-long -Wno-semicolon-before-method-body -fno-omit-frame-pointer -msse -msse2 -msse3  -O3 -DNDEBUG   -o CMakeFiles/cmTC_d5232.dir/CheckIncludeFile.c.o   -c /Users/Florence/Documents/WildHacks/OpenCV/opencv-2.4.13/Build/CMakeFiles/CMakeTmp/CheckIncludeFile.c
Linking C executable cmTC_d5232
/Applications/CMake.app/Contents/bin/cmake -E cmake_link_script CMakeFiles/cmTC_d5232.dir/link.txt --verbose=1
/Library/Developer/CommandLineTools/usr/bin/cc     -fsigned-char -W -Werror=return-type -Werror=address -Werror=sequence-point -Wformat -Werror=format-security -Wmissing-declarations -Wmissing-prototypes -Wstrict-prototypes -Wundef -Winit-self -Wpointer-arith -Wshadow -Wsign-promo -Wno-narrowing -Wno-delete-non-virtual-dtor -Wno-unnamed-type-template-args -Wno-array-bounds -fdiagnostics-show-option -Wno-long-long -Wno-semicolon-before-method-body -fno-omit-frame-pointer -msse -msse2 -msse3  -O3 -DNDEBUG -Wl,-search_paths_first -Wl,-headerpad_max_install_names   CMakeFiles/cmTC_d5232.dir/CheckIncludeFile.c.o  -o cmTC_d5232  


Determining if the include file stdint.h exists passed with the following output:
Change Dir: /Users/Florence/Documents/WildHacks/OpenCV/opencv-2.4.13/Build/CMakeFiles/CMakeTmp

Run Build Command:"/usr/bin/make" "cmTC_db7cf/fast"
/Library/Developer/CommandLineTools/usr/bin/make -f CMakeFiles/cmTC_db7cf.dir/build.make CMakeFiles/cmTC_db7cf.dir/build
Building C object CMakeFiles/cmTC_db7cf.dir/CheckIncludeFile.c.o
/Library/Developer/CommandLineTools/usr/bin/cc    -fsigned-char -W -Werror=return-type -Werror=address -Werror=sequence-point -Wformat -Werror=format-security -Wmissing-declarations -Wmissing-prototypes -Wstrict-prototypes -Wundef -Winit-self -Wpointer-arith -Wshadow -Wsign-promo -Wno-narrowing -Wno-delete-non-virtual-dtor -Wno-unnamed-type-template-args -Wno-array-bounds -fdiagnostics-show-option -Wno-long-long -Wno-semicolon-before-method-body -fno-omit-frame-pointer -msse -msse2 -msse3  -O3 -DNDEBUG   -o CMakeFiles/cmTC_db7cf.dir/CheckIncludeFile.c.o   -c /Users/Florence/Documents/WildHacks/OpenCV/opencv-2.4.13/Build/CMakeFiles/CMakeTmp/CheckIncludeFile.c
Linking C executable cmTC_db7cf
/Applications/CMake.app/Contents/bin/cmake -E cmake_link_script CMakeFiles/cmTC_db7cf.dir/link.txt --verbose=1
/Library/Developer/CommandLineTools/usr/bin/cc     -fsigned-char -W -Werror=return-type -Werror=address -Werror=sequence-point -Wformat -Werror=format-security -Wmissing-declarations -Wmissing-prototypes -Wstrict-prototypes -Wundef -Winit-self -Wpointer-arith -Wshadow -Wsign-promo -Wno-narrowing -Wno-delete-non-virtual-dtor -Wno-unnamed-type-template-args -Wno-array-bounds -fdiagnostics-show-option -Wno-long-long -Wno-semicolon-before-method-body -fno-omit-frame-pointer -msse -msse2 -msse3  -O3 -DNDEBUG -Wl,-search_paths_first -Wl,-headerpad_max_install_names   CMakeFiles/cmTC_db7cf.dir/CheckIncludeFile.c.o  -o cmTC_db7cf  


Determining if the include file stddef.h exists passed with the following output:
Change Dir: /Users/Florence/Documents/WildHacks/OpenCV/opencv-2.4.13/Build/CMakeFiles/CMakeTmp

Run Build Command:"/usr/bin/make" "cmTC_f3bc1/fast"
/Library/Developer/CommandLineTools/usr/bin/make -f CMakeFiles/cmTC_f3bc1.dir/build.make CMakeFiles/cmTC_f3bc1.dir/build
Building C object CMakeFiles/cmTC_f3bc1.dir/CheckIncludeFile.c.o
/Library/Developer/CommandLineTools/usr/bin/cc    -fsigned-char -W -Werror=return-type -Werror=address -Werror=sequence-point -Wformat -Werror=format-security -Wmissing-declarations -Wmissing-prototypes -Wstrict-prototypes -Wundef -Winit-self -Wpointer-arith -Wshadow -Wsign-promo -Wno-narrowing -Wno-delete-non-virtual-dtor -Wno-unnamed-type-template-args -Wno-array-bounds -fdiagnostics-show-option -Wno-long-long -Wno-semicolon-before-method-body -fno-omit-frame-pointer -msse -msse2 -msse3  -O3 -DNDEBUG   -o CMakeFiles/cmTC_f3bc1.dir/CheckIncludeFile.c.o   -c /Users/Florence/Documents/WildHacks/OpenCV/opencv-2.4.13/Build/CMakeFiles/CMakeTmp/CheckIncludeFile.c
Linking C executable cmTC_f3bc1
/Applications/CMake.app/Contents/bin/cmake -E cmake_link_script CMakeFiles/cmTC_f3bc1.dir/link.txt --verbose=1
/Library/Developer/CommandLineTools/usr/bin/cc     -fsigned-char -W -Werror=return-type -Werror=address -Werror=sequence-point -Wformat -Werror=format-security -Wmissing-declarations -Wmissing-prototypes -Wstrict-prototypes -Wundef -Winit-self -Wpointer-arith -Wshadow -Wsign-promo -Wno-narrowing -Wno-delete-non-virtual-dtor -Wno-unnamed-type-template-args -Wno-array-bounds -fdiagnostics-show-option -Wno-long-long -Wno-semicolon-before-method-body -fno-omit-frame-pointer -msse -msse2 -msse3  -O3 -DNDEBUG -Wl,-search_paths_first -Wl,-headerpad_max_install_names   CMakeFiles/cmTC_f3bc1.dir/CheckIncludeFile.c.o  -o cmTC_f3bc1  


Determining size of unsigned short passed with the following output:
Change Dir: /Users/Florence/Documents/WildHacks/OpenCV/opencv-2.4.13/Build/CMakeFiles/CMakeTmp

Run Build Command:"/usr/bin/make" "cmTC_ce2e9/fast"
/Library/Developer/CommandLineTools/usr/bin/make -f CMakeFiles/cmTC_ce2e9.dir/build.make CMakeFiles/cmTC_ce2e9.dir/build
Building C object CMakeFiles/cmTC_ce2e9.dir/CMAKE_SIZEOF_UNSIGNED_SHORT.c.o
/Library/Developer/CommandLineTools/usr/bin/cc    -fsigned-char -W -Werror=return-type -Werror=address -Werror=sequence-point -Wformat -Werror=format-security -Wmissing-declarations -Wmissing-prototypes -Wstrict-prototypes -Wundef -Winit-self -Wpointer-arith -Wshadow -Wsign-promo -Wno-narrowing -Wno-delete-non-virtual-dtor -Wno-unnamed-type-template-args -Wno-array-bounds -fdiagnostics-show-option -Wno-long-long -Wno-semicolon-before-method-body -fno-omit-frame-pointer -msse -msse2 -msse3  -O3 -DNDEBUG   -o CMakeFiles/cmTC_ce2e9.dir/CMAKE_SIZEOF_UNSIGNED_SHORT.c.o   -c /Users/Florence/Documents/WildHacks/OpenCV/opencv-2.4.13/Build/CMakeFiles/CheckTypeSize/CMAKE_SIZEOF_UNSIGNED_SHORT.c
Linking C executable cmTC_ce2e9
/Applications/CMake.app/Contents/bin/cmake -E cmake_link_script CMakeFiles/cmTC_ce2e9.dir/link.txt --verbose=1
/Library/Developer/CommandLineTools/usr/bin/cc     -fsigned-char -W -Werror=return-type -Werror=address -Werror=sequence-point -Wformat -Werror=format-security -Wmissing-declarations -Wmissing-prototypes -Wstrict-prototypes -Wundef -Winit-self -Wpointer-arith -Wshadow -Wsign-promo -Wno-narrowing -Wno-delete-non-virtual-dtor -Wno-unnamed-type-template-args -Wno-array-bounds -fdiagnostics-show-option -Wno-long-long -Wno-semicolon-before-method-body -fno-omit-frame-pointer -msse -msse2 -msse3  -O3 -DNDEBUG -Wl,-search_paths_first -Wl,-headerpad_max_install_names   CMakeFiles/cmTC_ce2e9.dir/CMAKE_SIZEOF_UNSIGNED_SHORT.c.o  -o cmTC_ce2e9  


Determining if the system is big endian passed with the following output:
Change Dir: /Users/Florence/Documents/WildHacks/OpenCV/opencv-2.4.13/Build/CMakeFiles/CMakeTmp

Run Build Command:"/usr/bin/make" "cmTC_ef493/fast"
/Library/Developer/CommandLineTools/usr/bin/make -f CMakeFiles/cmTC_ef493.dir/build.make CMakeFiles/cmTC_ef493.dir/build
Building C object CMakeFiles/cmTC_ef493.dir/TestEndianess.c.o
/Library/Developer/CommandLineTools/usr/bin/cc    -fsigned-char -W -Werror=return-type -Werror=address -Werror=sequence-point -Wformat -Werror=format-security -Wmissing-declarations -Wmissing-prototypes -Wstrict-prototypes -Wundef -Winit-self -Wpointer-arith -Wshadow -Wsign-promo -Wno-narrowing -Wno-delete-non-virtual-dtor -Wno-unnamed-type-template-args -Wno-array-bounds -fdiagnostics-show-option -Wno-long-long -Wno-semicolon-before-method-body -fno-omit-frame-pointer -msse -msse2 -msse3  -O3 -DNDEBUG   -o CMakeFiles/cmTC_ef493.dir/TestEndianess.c.o   -c /Users/Florence/Documents/WildHacks/OpenCV/opencv-2.4.13/Build/CMakeFiles/CMakeTmp/TestEndianess.c
Linking C executable cmTC_ef493
/Applications/CMake.app/Contents/bin/cmake -E cmake_link_script CMakeFiles/cmTC_ef493.dir/link.txt --verbose=1
/Library/Developer/CommandLineTools/usr/bin/cc     -fsigned-char -W -Werror=return-type -Werror=address -Werror=sequence-point -Wformat -Werror=format-security -Wmissing-declarations -Wmissing-prototypes -Wstrict-prototypes -Wundef -Winit-self -Wpointer-arith -Wshadow -Wsign-promo -Wno-narrowing -Wno-delete-non-virtual-dtor -Wno-unnamed-type-template-args -Wno-array-bounds -fdiagnostics-show-option -Wno-long-long -Wno-semicolon-before-method-body -fno-omit-frame-pointer -msse -msse2 -msse3  -O3 -DNDEBUG -Wl,-search_paths_first -Wl,-headerpad_max_install_names   CMakeFiles/cmTC_ef493.dir/TestEndianess.c.o  -o cmTC_ef493  

TestEndianess.c:
/* A 16 bit integer is required. */
typedef unsigned short cmakeint16;

/* On a little endian machine, these 16bit ints will give "THIS IS LITTLE ENDIAN."
   On a big endian machine the characters will be exchanged pairwise. */
const cmakeint16 info_little[] =  {0x4854, 0x5349, 0x4920, 0x2053, 0x494c, 0x5454, 0x454c, 0x4520, 0x444e, 0x4149, 0x2e4e, 0x0000};

/* on a big endian machine, these 16bit ints will give "THIS IS BIG ENDIAN."
   On a little endian machine the characters will be exchanged pairwise. */
const cmakeint16 info_big[] =     {0x5448, 0x4953, 0x2049, 0x5320, 0x4249, 0x4720, 0x454e, 0x4449, 0x414e, 0x2e2e, 0x0000};

#ifdef __CLASSIC_C__
int main(argc, argv) int argc; char *argv[];
#else
int main(int argc, char *argv[])
#endif
{
  int require = 0;
  require += info_little[argc];
  require += info_big[argc];
  (void)argv;
  return require;
}


Determining if the function fseeko exists passed with the following output:
Change Dir: /Users/Florence/Documents/WildHacks/OpenCV/opencv-2.4.13/Build/CMakeFiles/CMakeTmp

Run Build Command:"/usr/bin/make" "cmTC_10e9a/fast"
/Library/Developer/CommandLineTools/usr/bin/make -f CMakeFiles/cmTC_10e9a.dir/build.make CMakeFiles/cmTC_10e9a.dir/build
Building C object CMakeFiles/cmTC_10e9a.dir/CheckFunctionExists.c.o
/Library/Developer/CommandLineTools/usr/bin/cc    -fsigned-char -W -Werror=return-type -Werror=address -Werror=sequence-point -Wformat -Werror=format-security -Wmissing-declarations -Wmissing-prototypes -Wstrict-prototypes -Wundef -Winit-self -Wpointer-arith -Wshadow -Wsign-promo -Wno-narrowing -Wno-delete-non-virtual-dtor -Wno-unnamed-type-template-args -Wno-array-bounds -fdiagnostics-show-option -Wno-long-long -Wno-semicolon-before-method-body -fno-omit-frame-pointer -msse -msse2 -msse3 -DCHECK_FUNCTION_EXISTS=fseeko -O3 -DNDEBUG   -o CMakeFiles/cmTC_10e9a.dir/CheckFunctionExists.c.o   -c /Applications/CMake.app/Contents/share/cmake-3.7/Modules/CheckFunctionExists.c
Linking C executable cmTC_10e9a
/Applications/CMake.app/Contents/bin/cmake -E cmake_link_script CMakeFiles/cmTC_10e9a.dir/link.txt --verbose=1
/Library/Developer/CommandLineTools/usr/bin/cc     -fsigned-char -W -Werror=return-type -Werror=address -Werror=sequence-point -Wformat -Werror=format-security -Wmissing-declarations -Wmissing-prototypes -Wstrict-prototypes -Wundef -Winit-self -Wpointer-arith -Wshadow -Wsign-promo -Wno-narrowing -Wno-delete-non-virtual-dtor -Wno-unnamed-type-template-args -Wno-array-bounds -fdiagnostics-show-option -Wno-long-long -Wno-semicolon-before-method-body -fno-omit-frame-pointer -msse -msse2 -msse3 -DCHECK_FUNCTION_EXISTS=fseeko -O3 -DNDEBUG -Wl,-search_paths_first -Wl,-headerpad_max_install_names   CMakeFiles/cmTC_10e9a.dir/CheckFunctionExists.c.o  -o cmTC_10e9a  


Determining if the include file unistd.h exists passed with the following output:
Change Dir: /Users/Florence/Documents/WildHacks/OpenCV/opencv-2.4.13/Build/CMakeFiles/CMakeTmp

Run Build Command:"/usr/bin/make" "cmTC_a6485/fast"
/Library/Developer/CommandLineTools/usr/bin/make -f CMakeFiles/cmTC_a6485.dir/build.make CMakeFiles/cmTC_a6485.dir/build
Building C object CMakeFiles/cmTC_a6485.dir/CheckIncludeFile.c.o
/Library/Developer/CommandLineTools/usr/bin/cc    -fsigned-char -W -Werror=return-type -Werror=address -Werror=sequence-point -Wformat -Werror=format-security -Wmissing-declarations -Wmissing-prototypes -Wstrict-prototypes -Wundef -Winit-self -Wpointer-arith -Wshadow -Wsign-promo -Wno-narrowing -Wno-delete-non-virtual-dtor -Wno-unnamed-type-template-args -Wno-array-bounds -fdiagnostics-show-option -Wno-long-long -Wno-semicolon-before-method-body -fno-omit-frame-pointer -msse -msse2 -msse3  -O3 -DNDEBUG   -o CMakeFiles/cmTC_a6485.dir/CheckIncludeFile.c.o   -c /Users/Florence/Documents/WildHacks/OpenCV/opencv-2.4.13/Build/CMakeFiles/CMakeTmp/CheckIncludeFile.c
Linking C executable cmTC_a6485
/Applications/CMake.app/Contents/bin/cmake -E cmake_link_script CMakeFiles/cmTC_a6485.dir/link.txt --verbose=1
/Library/Developer/CommandLineTools/usr/bin/cc     -fsigned-char -W -Werror=return-type -Werror=address -Werror=sequence-point -Wformat -Werror=format-security -Wmissing-declarations -Wmissing-prototypes -Wstrict-prototypes -Wundef -Winit-self -Wpointer-arith -Wshadow -Wsign-promo -Wno-narrowing -Wno-delete-non-virtual-dtor -Wno-unnamed-type-template-args -Wno-array-bounds -fdiagnostics-show-option -Wno-long-long -Wno-semicolon-before-method-body -fno-omit-frame-pointer -msse -msse2 -msse3  -O3 -DNDEBUG -Wl,-search_paths_first -Wl,-headerpad_max_install_names   CMakeFiles/cmTC_a6485.dir/CheckIncludeFile.c.o  -o cmTC_a6485  


Determining if the include file assert.h exists passed with the following output:
Change Dir: /Users/Florence/Documents/WildHacks/OpenCV/opencv-2.4.13/Build/CMakeFiles/CMakeTmp

Run Build Command:"/usr/bin/make" "cmTC_2c4f2/fast"
/Library/Developer/CommandLineTools/usr/bin/make -f CMakeFiles/cmTC_2c4f2.dir/build.make CMakeFiles/cmTC_2c4f2.dir/build
Building C object CMakeFiles/cmTC_2c4f2.dir/CheckIncludeFile.c.o
/Library/Developer/CommandLineTools/usr/bin/cc    -fsigned-char -W -Werror=return-type -Werror=address -Werror=sequence-point -Wformat -Werror=format-security -Wmissing-declarations -Wmissing-prototypes -Wstrict-prototypes -Wundef -Winit-self -Wpointer-arith -Wshadow -Wsign-promo -Wno-narrowing -Wno-delete-non-virtual-dtor -Wno-unnamed-type-template-args -Wno-array-bounds -fdiagnostics-show-option -Wno-long-long -Wno-semicolon-before-method-body -fno-omit-frame-pointer -msse -msse2 -msse3  -O3 -DNDEBUG   -o CMakeFiles/cmTC_2c4f2.dir/CheckIncludeFile.c.o   -c /Users/Florence/Documents/WildHacks/OpenCV/opencv-2.4.13/Build/CMakeFiles/CMakeTmp/CheckIncludeFile.c
Linking C executable cmTC_2c4f2
/Applications/CMake.app/Contents/bin/cmake -E cmake_link_script CMakeFiles/cmTC_2c4f2.dir/link.txt --verbose=1
/Library/Developer/CommandLineTools/usr/bin/cc     -fsigned-char -W -Werror=return-type -Werror=address -Werror=sequence-point -Wformat -Werror=format-security -Wmissing-declarations -Wmissing-prototypes -Wstrict-prototypes -Wundef -Winit-self -Wpointer-arith -Wshadow -Wsign-promo -Wno-narrowing -Wno-delete-non-virtual-dtor -Wno-unnamed-type-template-args -Wno-array-bounds -fdiagnostics-show-option -Wno-long-long -Wno-semicolon-before-method-body -fno-omit-frame-pointer -msse -msse2 -msse3  -O3 -DNDEBUG -Wl,-search_paths_first -Wl,-headerpad_max_install_names   CMakeFiles/cmTC_2c4f2.dir/CheckIncludeFile.c.o  -o cmTC_2c4f2  


Determining if the include file fcntl.h exists passed with the following output:
Change Dir: /Users/Florence/Documents/WildHacks/OpenCV/opencv-2.4.13/Build/CMakeFiles/CMakeTmp

Run Build Command:"/usr/bin/make" "cmTC_9364c/fast"
/Library/Developer/CommandLineTools/usr/bin/make -f CMakeFiles/cmTC_9364c.dir/build.make CMakeFiles/cmTC_9364c.dir/build
Building C object CMakeFiles/cmTC_9364c.dir/CheckIncludeFile.c.o
/Library/Developer/CommandLineTools/usr/bin/cc    -fsigned-char -W -Werror=return-type -Werror=address -Werror=sequence-point -Wformat -Werror=format-security -Wmissing-declarations -Wmissing-prototypes -Wstrict-prototypes -Wundef -Winit-self -Wpointer-arith -Wshadow -Wsign-promo -Wno-narrowing -Wno-delete-non-virtual-dtor -Wno-unnamed-type-template-args -Wno-array-bounds -fdiagnostics-show-option -Wno-long-long -Wno-semicolon-before-method-body -fno-omit-frame-pointer -msse -msse2 -msse3  -O3 -DNDEBUG   -o CMakeFiles/cmTC_9364c.dir/CheckIncludeFile.c.o   -c /Users/Florence/Documents/WildHacks/OpenCV/opencv-2.4.13/Build/CMakeFiles/CMakeTmp/CheckIncludeFile.c
Linking C executable cmTC_9364c
/Applications/CMake.app/Contents/bin/cmake -E cmake_link_script CMakeFiles/cmTC_9364c.dir/link.txt --verbose=1
/Library/Developer/CommandLineTools/usr/bin/cc     -fsigned-char -W -Werror=return-type -Werror=address -Werror=sequence-point -Wformat -Werror=format-security -Wmissing-declarations -Wmissing-prototypes -Wstrict-prototypes -Wundef -Winit-self -Wpointer-arith -Wshadow -Wsign-promo -Wno-narrowing -Wno-delete-non-virtual-dtor -Wno-unnamed-type-template-args -Wno-array-bounds -fdiagnostics-show-option -Wno-long-long -Wno-semicolon-before-method-body -fno-omit-frame-pointer -msse -msse2 -msse3  -O3 -DNDEBUG -Wl,-search_paths_first -Wl,-headerpad_max_install_names   CMakeFiles/cmTC_9364c.dir/CheckIncludeFile.c.o  -o cmTC_9364c  


Determining if the function mmap exists passed with the following output:
Change Dir: /Users/Florence/Documents/WildHacks/OpenCV/opencv-2.4.13/Build/CMakeFiles/CMakeTmp

Run Build Command:"/usr/bin/make" "cmTC_d3d7b/fast"
/Library/Developer/CommandLineTools/usr/bin/make -f CMakeFiles/cmTC_d3d7b.dir/build.make CMakeFiles/cmTC_d3d7b.dir/build
Building C object CMakeFiles/cmTC_d3d7b.dir/CheckFunctionExists.c.o
/Library/Developer/CommandLineTools/usr/bin/cc    -fsigned-char -W -Werror=return-type -Werror=address -Werror=sequence-point -Wformat -Werror=format-security -Wmissing-declarations -Wmissing-prototypes -Wstrict-prototypes -Wundef -Winit-self -Wpointer-arith -Wshadow -Wsign-promo -Wno-narrowing -Wno-delete-non-virtual-dtor -Wno-unnamed-type-template-args -Wno-array-bounds -fdiagnostics-show-option -Wno-long-long -Wno-semicolon-before-method-body -fno-omit-frame-pointer -msse -msse2 -msse3 -DCHECK_FUNCTION_EXISTS=mmap -O3 -DNDEBUG   -o CMakeFiles/cmTC_d3d7b.dir/CheckFunctionExists.c.o   -c /Applications/CMake.app/Contents/share/cmake-3.7/Modules/CheckFunctionExists.c
Linking C executable cmTC_d3d7b
/Applications/CMake.app/Contents/bin/cmake -E cmake_link_script CMakeFiles/cmTC_d3d7b.dir/link.txt --verbose=1
/Library/Developer/CommandLineTools/usr/bin/cc     -fsigned-char -W -Werror=return-type -Werror=address -Werror=sequence-point -Wformat -Werror=format-security -Wmissing-declarations -Wmissing-prototypes -Wstrict-prototypes -Wundef -Winit-self -Wpointer-arith -Wshadow -Wsign-promo -Wno-narrowing -Wno-delete-non-virtual-dtor -Wno-unnamed-type-template-args -Wno-array-bounds -fdiagnostics-show-option -Wno-long-long -Wno-semicolon-before-method-body -fno-omit-frame-pointer -msse -msse2 -msse3 -DCHECK_FUNCTION_EXISTS=mmap -O3 -DNDEBUG -Wl,-search_paths_first -Wl,-headerpad_max_install_names   CMakeFiles/cmTC_d3d7b.dir/CheckFunctionExists.c.o  -o cmTC_d3d7b  


Determining if the include file search.h exists passed with the following output:
Change Dir: /Users/Florence/Documents/WildHacks/OpenCV/opencv-2.4.13/Build/CMakeFiles/CMakeTmp

Run Build Command:"/usr/bin/make" "cmTC_fc372/fast"
/Library/Developer/CommandLineTools/usr/bin/make -f CMakeFiles/cmTC_fc372.dir/build.make CMakeFiles/cmTC_fc372.dir/build
Building C object CMakeFiles/cmTC_fc372.dir/CheckIncludeFile.c.o
/Library/Developer/CommandLineTools/usr/bin/cc    -fsigned-char -W -Werror=return-type -Werror=address -Werror=sequence-point -Wformat -Werror=format-security -Wmissing-declarations -Wmissing-prototypes -Wstrict-prototypes -Wundef -Winit-self -Wpointer-arith -Wshadow -Wsign-promo -Wno-narrowing -Wno-delete-non-virtual-dtor -Wno-unnamed-type-template-args -Wno-array-bounds -fdiagnostics-show-option -Wno-long-long -Wno-semicolon-before-method-body -fno-omit-frame-pointer -msse -msse2 -msse3  -O3 -DNDEBUG   -o CMakeFiles/cmTC_fc372.dir/CheckIncludeFile.c.o   -c /Users/Florence/Documents/WildHacks/OpenCV/opencv-2.4.13/Build/CMakeFiles/CMakeTmp/CheckIncludeFile.c
Linking C executable cmTC_fc372
/Applications/CMake.app/Contents/bin/cmake -E cmake_link_script CMakeFiles/cmTC_fc372.dir/link.txt --verbose=1
/Library/Developer/CommandLineTools/usr/bin/cc     -fsigned-char -W -Werror=return-type -Werror=address -Werror=sequence-point -Wformat -Werror=format-security -Wmissing-declarations -Wmissing-prototypes -Wstrict-prototypes -Wundef -Winit-self -Wpointer-arith -Wshadow -Wsign-promo -Wno-narrowing -Wno-delete-non-virtual-dtor -Wno-unnamed-type-template-args -Wno-array-bounds -fdiagnostics-show-option -Wno-long-long -Wno-semicolon-before-method-body -fno-omit-frame-pointer -msse -msse2 -msse3  -O3 -DNDEBUG -Wl,-search_paths_first -Wl,-headerpad_max_install_names   CMakeFiles/cmTC_fc372.dir/CheckIncludeFile.c.o  -o cmTC_fc372  


Determining if the include file string.h exists passed with the following output:
Change Dir: /Users/Florence/Documents/WildHacks/OpenCV/opencv-2.4.13/Build/CMakeFiles/CMakeTmp

Run Build Command:"/usr/bin/make" "cmTC_4fa5a/fast"
/Library/Developer/CommandLineTools/usr/bin/make -f CMakeFiles/cmTC_4fa5a.dir/build.make CMakeFiles/cmTC_4fa5a.dir/build
Building C object CMakeFiles/cmTC_4fa5a.dir/CheckIncludeFile.c.o
/Library/Developer/CommandLineTools/usr/bin/cc    -fsigned-char -W -Werror=return-type -Werror=address -Werror=sequence-point -Wformat -Werror=format-security -Wmissing-declarations -Wmissing-prototypes -Wstrict-prototypes -Wundef -Winit-self -Wpointer-arith -Wshadow -Wsign-promo -Wno-narrowing -Wno-delete-non-virtual-dtor -Wno-unnamed-type-template-args -Wno-array-bounds -fdiagnostics-show-option -Wno-long-long -Wno-semicolon-before-method-body -fno-omit-frame-pointer -msse -msse2 -msse3  -O3 -DNDEBUG   -o CMakeFiles/cmTC_4fa5a.dir/CheckIncludeFile.c.o   -c /Users/Florence/Documents/WildHacks/OpenCV/opencv-2.4.13/Build/CMakeFiles/CMakeTmp/CheckIncludeFile.c
Linking C executable cmTC_4fa5a
/Applications/CMake.app/Contents/bin/cmake -E cmake_link_script CMakeFiles/cmTC_4fa5a.dir/link.txt --verbose=1
/Library/Developer/CommandLineTools/usr/bin/cc     -fsigned-char -W -Werror=return-type -Werror=address -Werror=sequence-point -Wformat -Werror=format-security -Wmissing-declarations -Wmissing-prototypes -Wstrict-prototypes -Wundef -Winit-self -Wpointer-arith -Wshadow -Wsign-promo -Wno-narrowing -Wno-delete-non-virtual-dtor -Wno-unnamed-type-template-args -Wno-array-bounds -fdiagnostics-show-option -Wno-long-long -Wno-semicolon-before-method-body -fno-omit-frame-pointer -msse -msse2 -msse3  -O3 -DNDEBUG -Wl,-search_paths_first -Wl,-headerpad_max_install_names   CMakeFiles/cmTC_4fa5a.dir/CheckIncludeFile.c.o  -o cmTC_4fa5a  


Determining if the include file unistd.h exists passed with the following output:
Change Dir: /Users/Florence/Documents/WildHacks/OpenCV/opencv-2.4.13/Build/CMakeFiles/CMakeTmp

Run Build Command:"/usr/bin/make" "cmTC_467c4/fast"
/Library/Developer/CommandLineTools/usr/bin/make -f CMakeFiles/cmTC_467c4.dir/build.make CMakeFiles/cmTC_467c4.dir/build
Building C object CMakeFiles/cmTC_467c4.dir/CheckIncludeFile.c.o
/Library/Developer/CommandLineTools/usr/bin/cc    -fsigned-char -W -Werror=return-type -Werror=address -Werror=sequence-point -Wformat -Werror=format-security -Wmissing-declarations -Wmissing-prototypes -Wstrict-prototypes -Wundef -Winit-self -Wpointer-arith -Wshadow -Wsign-promo -Wno-narrowing -Wno-delete-non-virtual-dtor -Wno-unnamed-type-template-args -Wno-array-bounds -fdiagnostics-show-option -Wno-long-long -Wno-semicolon-before-method-body -fno-omit-frame-pointer -msse -msse2 -msse3  -O3 -DNDEBUG   -o CMakeFiles/cmTC_467c4.dir/CheckIncludeFile.c.o   -c /Users/Florence/Documents/WildHacks/OpenCV/opencv-2.4.13/Build/CMakeFiles/CMakeTmp/CheckIncludeFile.c
Linking C executable cmTC_467c4
/Applications/CMake.app/Contents/bin/cmake -E cmake_link_script CMakeFiles/cmTC_467c4.dir/link.txt --verbose=1
/Library/Developer/CommandLineTools/usr/bin/cc     -fsigned-char -W -Werror=return-type -Werror=address -Werror=sequence-point -Wformat -Werror=format-security -Wmissing-declarations -Wmissing-prototypes -Wstrict-prototypes -Wundef -Winit-self -Wpointer-arith -Wshadow -Wsign-promo -Wno-narrowing -Wno-delete-non-virtual-dtor -Wno-unnamed-type-template-args -Wno-array-bounds -fdiagnostics-show-option -Wno-long-long -Wno-semicolon-before-method-body -fno-omit-frame-pointer -msse -msse2 -msse3  -O3 -DNDEBUG -Wl,-search_paths_first -Wl,-headerpad_max_install_names   CMakeFiles/cmTC_467c4.dir/CheckIncludeFile.c.o  -o cmTC_467c4  


Determining if the include file semaphore.h exists passed with the following output:
Change Dir: /Users/Florence/Documents/WildHacks/OpenCV/opencv-2.4.13/Build/CMakeFiles/CMakeTmp

Run Build Command:"/usr/bin/make" "cmTC_69f3d/fast"
/Library/Developer/CommandLineTools/usr/bin/make -f CMakeFiles/cmTC_69f3d.dir/build.make CMakeFiles/cmTC_69f3d.dir/build
Building C object CMakeFiles/cmTC_69f3d.dir/CheckIncludeFile.c.o
/Library/Developer/CommandLineTools/usr/bin/cc    -fsigned-char -W -Werror=return-type -Werror=address -Werror=sequence-point -Wformat -Werror=format-security -Wmissing-declarations -Wmissing-prototypes -Wstrict-prototypes -Wundef -Winit-self -Wpointer-arith -Wshadow -Wsign-promo -Wno-narrowing -Wno-delete-non-virtual-dtor -Wno-unnamed-type-template-args -Wno-array-bounds -fdiagnostics-show-option -Wno-long-long -Wno-semicolon-before-method-body -fno-omit-frame-pointer -msse -msse2 -msse3  -O3 -DNDEBUG   -o CMakeFiles/cmTC_69f3d.dir/CheckIncludeFile.c.o   -c /Users/Florence/Documents/WildHacks/OpenCV/opencv-2.4.13/Build/CMakeFiles/CMakeTmp/CheckIncludeFile.c
Linking C executable cmTC_69f3d
/Applications/CMake.app/Contents/bin/cmake -E cmake_link_script CMakeFiles/cmTC_69f3d.dir/link.txt --verbose=1
/Library/Developer/CommandLineTools/usr/bin/cc     -fsigned-char -W -Werror=return-type -Werror=address -Werror=sequence-point -Wformat -Werror=format-security -Wmissing-declarations -Wmissing-prototypes -Wstrict-prototypes -Wundef -Winit-self -Wpointer-arith -Wshadow -Wsign-promo -Wno-narrowing -Wno-delete-non-virtual-dtor -Wno-unnamed-type-template-args -Wno-array-bounds -fdiagnostics-show-option -Wno-long-long -Wno-semicolon-before-method-body -fno-omit-frame-pointer -msse -msse2 -msse3  -O3 -DNDEBUG -Wl,-search_paths_first -Wl,-headerpad_max_install_names   CMakeFiles/cmTC_69f3d.dir/CheckIncludeFile.c.o  -o cmTC_69f3d  


